<?xml version="1.0" encoding="UTF-8" ?>
<testsuite tests="18" failures="0" name="com.enigma.dao.BoatingDockDaoMapImplTest" time="0.014" errors="0" skipped="0">
  <properties>
    <property name="java.runtime.name" value="Java(TM) SE Runtime Environment"/>
    <property name="sun.boot.library.path" value="C:\Program Files\Java\jdk1.8.0_201\jre\bin"/>
    <property name="java.vm.version" value="25.201-b09"/>
    <property name="java.vm.vendor" value="Oracle Corporation"/>
    <property name="maven.multiModuleProjectDirectory" value="E:\exam\boating-dock-app"/>
    <property name="java.vendor.url" value="http://java.oracle.com/"/>
    <property name="path.separator" value=";"/>
    <property name="guice.disable.misplaced.annotation.check" value="true"/>
    <property name="java.vm.name" value="Java HotSpot(TM) 64-Bit Server VM"/>
    <property name="file.encoding.pkg" value="sun.io"/>
    <property name="user.script" value=""/>
    <property name="user.country" value="US"/>
    <property name="sun.java.launcher" value="SUN_STANDARD"/>
    <property name="sun.os.patch.level" value=""/>
    <property name="java.vm.specification.name" value="Java Virtual Machine Specification"/>
    <property name="user.dir" value="E:\exam\boating-dock-app"/>
    <property name="java.runtime.version" value="1.8.0_201-b09"/>
    <property name="java.awt.graphicsenv" value="sun.awt.Win32GraphicsEnvironment"/>
    <property name="java.endorsed.dirs" value="C:\Program Files\Java\jdk1.8.0_201\jre\lib\endorsed"/>
    <property name="os.arch" value="amd64"/>
    <property name="java.io.tmpdir" value="C:\Users\ENIGMA~1\AppData\Local\Temp\"/>
    <property name="line.separator" value="
"/>
    <property name="java.vm.specification.vendor" value="Oracle Corporation"/>
    <property name="user.variant" value=""/>
    <property name="os.name" value="Windows 10"/>
    <property name="classworlds.conf" value="C:\apache-maven-3.6.2\bin\..\bin\m2.conf"/>
    <property name="sun.jnu.encoding" value="Cp1252"/>
    <property name="java.library.path" value="C:\Program Files\Java\jdk1.8.0_201\bin;C:\WINDOWS\Sun\Java\bin;C:\WINDOWS\system32;C:\WINDOWS;C:\Program Files (x86)\Common Files\Oracle\Java\javapath;C:\WINDOWS\system32;C:\WINDOWS;C:\WINDOWS\System32\Wbem;C:\WINDOWS\System32\WindowsPowerShell\v1.0\;C:\Program Files\Git\cmd;C:\Program Files\nodejs\;C:\Program Files\Java\jdk1.8.0_201\bin;C:\WINDOWS\System32\OpenSSH\;C:\Program Files\PostgreSQL\11\bin;C:\apache-maven-3.6.2\bin;C:\ProgramData\chocolatey\bin;%USERPROFILE%\AppData\Local\Microsoft\WindowsApps;C:\Users\Enigmacamp\AppData\Roaming\npm;C:\Users\Enigmacamp\AppData\Local\Programs\Microsoft VS Code\bin;C:\Exercism;."/>
    <property name="maven.conf" value="C:\apache-maven-3.6.2\bin\../conf"/>
    <property name="java.specification.name" value="Java Platform API Specification"/>
    <property name="java.class.version" value="52.0"/>
    <property name="sun.management.compiler" value="HotSpot 64-Bit Tiered Compilers"/>
    <property name="os.version" value="10.0"/>
    <property name="library.jansi.path" value="C:\apache-maven-3.6.2\bin\..\lib\jansi-native"/>
    <property name="user.home" value="C:\Users\Enigmacamp"/>
    <property name="user.timezone" value="Asia/Bangkok"/>
    <property name="java.awt.printerjob" value="sun.awt.windows.WPrinterJob"/>
    <property name="java.specification.version" value="1.8"/>
    <property name="file.encoding" value="Cp1252"/>
    <property name="user.name" value="Enigmacamp"/>
    <property name="java.class.path" value="C:\apache-maven-3.6.2\bin\..\boot\plexus-classworlds-2.6.0.jar"/>
    <property name="java.vm.specification.version" value="1.8"/>
    <property name="sun.arch.data.model" value="64"/>
    <property name="java.home" value="C:\Program Files\Java\jdk1.8.0_201\jre"/>
    <property name="sun.java.command" value="org.codehaus.plexus.classworlds.launcher.Launcher clean install"/>
    <property name="java.specification.vendor" value="Oracle Corporation"/>
    <property name="user.language" value="en"/>
    <property name="awt.toolkit" value="sun.awt.windows.WToolkit"/>
    <property name="java.vm.info" value="mixed mode"/>
    <property name="java.version" value="1.8.0_201"/>
    <property name="java.ext.dirs" value="C:\Program Files\Java\jdk1.8.0_201\jre\lib\ext;C:\WINDOWS\Sun\Java\lib\ext"/>
    <property name="sun.boot.class.path" value="C:\Program Files\Java\jdk1.8.0_201\jre\lib\resources.jar;C:\Program Files\Java\jdk1.8.0_201\jre\lib\rt.jar;C:\Program Files\Java\jdk1.8.0_201\jre\lib\sunrsasign.jar;C:\Program Files\Java\jdk1.8.0_201\jre\lib\jsse.jar;C:\Program Files\Java\jdk1.8.0_201\jre\lib\jce.jar;C:\Program Files\Java\jdk1.8.0_201\jre\lib\charsets.jar;C:\Program Files\Java\jdk1.8.0_201\jre\lib\jfr.jar;C:\Program Files\Java\jdk1.8.0_201\jre\classes"/>
    <property name="sun.stderr.encoding" value="cp437"/>
    <property name="java.vendor" value="Oracle Corporation"/>
    <property name="maven.home" value="C:\apache-maven-3.6.2\bin\.."/>
    <property name="file.separator" value="\"/>
    <property name="java.vendor.url.bug" value="http://bugreport.sun.com/bugreport/"/>
    <property name="sun.cpu.endian" value="little"/>
    <property name="sun.io.unicode.encoding" value="UnicodeLittle"/>
    <property name="sun.stdout.encoding" value="cp437"/>
    <property name="sun.desktop" value="windows"/>
    <property name="sun.cpu.isalist" value="amd64"/>
  </properties>
  <testcase classname="com.enigma.dao.BoatingDockDaoMapImplTest" name="getCapacity_should_return_given_capacity" time="0.003"/>
  <testcase classname="com.enigma.dao.BoatingDockDaoMapImplTest" name="createBoatingDock_should_return_message_created_boating_dock_fail_when_givenCapacity_lessThan0" time="0"/>
  <testcase classname="com.enigma.dao.BoatingDockDaoMapImplTest" name="getSlotNumberByBoatRegNumber_should_return_message_not_found_when_there_is_no_boat_suitable_with_givenRegNumber" time="0"/>
  <testcase classname="com.enigma.dao.BoatingDockDaoMapImplTest" name="createBoatingDock_should_return_message_created_boating_dock_when_success" time="0"/>
  <testcase classname="com.enigma.dao.BoatingDockDaoMapImplTest" name="leave_should_return_message_leave_when_given_pierNumber_is_exist_and_there_is_a_boat_docked" time="0"/>
  <testcase classname="com.enigma.dao.BoatingDockDaoMapImplTest" name="getBoatsByColour_should_return_reg_number_of_boats_with_given_colour" time="0.006"/>
  <testcase classname="com.enigma.dao.BoatingDockDaoMapImplTest" name="docking_should_return_message_dock_fail_when_second_boat_entry_to_pier_with_given_capacity_1" time="0"/>
  <testcase classname="com.enigma.dao.BoatingDockDaoMapImplTest" name="docking_should_return_allocated_to_pier_number_1_when_1_boat_entry_to_pier_with_given_capacity_2" time="0"/>
  <testcase classname="com.enigma.dao.BoatingDockDaoMapImplTest" name="docking_should_return_allocated_to_pier_number_2_when_second_boat_entry_to_pier_with_given_capacity_2" time="0"/>
  <testcase classname="com.enigma.dao.BoatingDockDaoMapImplTest" name="setCapacity_should_change_capacity_value" time="0"/>
  <testcase classname="com.enigma.dao.BoatingDockDaoMapImplTest" name="getStatus_should_return_a_describe_from_current_state" time="0"/>
  <testcase classname="com.enigma.dao.BoatingDockDaoMapImplTest" name="leave_should_fail_when_there_is_no_boat_at_given_pier_number" time="0"/>
  <testcase classname="com.enigma.dao.BoatingDockDaoMapImplTest" name="leave_should_return_pier_number_not_found_when_given_pierNumber_is_not_exist" time="0"/>
  <testcase classname="com.enigma.dao.BoatingDockDaoMapImplTest" name="getSlotNumberByBoatRegNumber_should_return_pierNumber_of_boat_that_suitable_with_givenRegNumber" time="0"/>
  <testcase classname="com.enigma.dao.BoatingDockDaoMapImplTest" name="getSlotNumberByBoatColour_should_return_pair_number_of_boats_with_given_colour" time="0.002"/>
  <testcase classname="com.enigma.dao.BoatingDockDaoMapImplTest" name="createBoatingDock_should_return_message_created_boating_dock_fail_when_givenCapacity_0" time="0"/>
  <testcase classname="com.enigma.dao.BoatingDockDaoMapImplTest" name="getBoatsByColour_should_return_message_no_matching_colour_when_there_is_no_boat_is_matching_with_given_colour" time="0.002"/>
  <testcase classname="com.enigma.dao.BoatingDockDaoMapImplTest" name="getSlotNumberByBoatColour_should_return_message_no_matching_colour_when_there_is_no_boat_is_suitable_with_given_colour" time="0.001"/>
</testsuite>